INFO:root:2015-08-25 15:46:55.689619 CHECK DATABASE STARTED

INFO:root:MODEL_OWNER_COMPANY_IDS_CHECK
WARNING:root:DIFFERENT_COMPANY_IDS {Product} ID {187} {User} ID {12}
WARNING:root:NO_OWNER {Mention} ID {2}
INFO:root:FINISHED

INFO:root:CONTACT GLOBAL CYCLE CHECK
INFO:root:FINISHED

INFO:root:SALES CYCLE CONTACT CHECK
INFO:root:FINISHED

INFO:root:ACTIVITY SALES CYCLE CHECK
INFO:root:FINISHED

INFO:root:CONTACT OWNER CHECK
INFO:root:FINISHED

INFO:root:PRODUCT SALES_CYCLE CHECK
INFO:root:FINISHED

INFO:root:CHECK CONTACT VCARD

INFO:root:FINISHED

INFO:root:CONTACT_LIST CONTACTS CHECK
INFO:root:FINISHED

INFO:root:SHARE CHECK
INFO:root:FINISHED

INFO:root:SUBSCRIPTION SUCCESS AND FAIL MILESTONES CHECK
INFO:root:FINISHED

INFO:root:VCARD MODELS TYPE CHECK
INFO:root:FINISHED

INFO:root:2015-08-25 15:49:41.498063 CHECK DATABASE FINISHED
